<?xml version="1.0" encoding="UTF-8"?>
<!-- Generated by org.testng.reporters.JUnitReportReporter -->
<testsuite hostname="DESKTOP-HTGA0GT" failures="0" tests="1" name="RestAssured.Validate_XML" time="7.774" errors="0" timestamp="2024-05-07T09:09:24 IST" skipped="0">
  <testcase classname="RestAssured.Validate_XML" name="addPet" time="7.774"/>
  <system-out/>
</testsuite> <!-- RestAssured.Validate_XML -->
