<?xml version="1.0" encoding="UTF-8"?>
<!-- Generated by org.testng.reporters.JUnitReportReporter -->
<testsuite hostname="DESKTOP-HTGA0GT" failures="0" tests="1" name="RestAssured.Validate_Response" time="5.864" errors="0" timestamp="2024-05-04T22:45:01 IST" skipped="0">
  <testcase classname="RestAssured.Validate_Response" name="validateResponse" time="5.864"/>
  <system-out/>
</testsuite> <!-- RestAssured.Validate_Response -->
