<?xml version="1.0" encoding="UTF-8"?>
<!-- Generated by org.testng.reporters.JUnitReportReporter -->
<testsuite hostname="DESKTOP-HTGA0GT" failures="0" tests="1" name="RestAssured.Basic_Authentication" time="10.169" errors="0" timestamp="2024-05-06T09:34:52 IST" skipped="0">
  <testcase classname="RestAssured.Basic_Authentication" name="basicAuthentication" time="10.169"/>
  <system-out/>
</testsuite> <!-- RestAssured.Basic_Authentication -->
