<?xml version="1.0" encoding="UTF-8"?>
<!-- Generated by org.testng.reporters.JUnitReportReporter -->
<testsuite hostname="DESKTOP-HTGA0GT" failures="0" tests="1" name="RestAssured.Post_Request" time="26.986" errors="0" timestamp="2024-05-06T11:19:14 IST" skipped="0">
  <testcase classname="RestAssured.Post_Request" name="POST_Request" time="26.986"/>
  <system-out/>
</testsuite> <!-- RestAssured.Post_Request -->
