<?xml version="1.0" encoding="UTF-8"?>
<!-- Generated by org.testng.reporters.JUnitReportReporter -->
<testsuite hostname="DESKTOP-HTGA0GT" failures="0" tests="1" name="RestAssured.Get_Request" time="4.484" errors="0" timestamp="2024-04-24T16:52:36 IST" skipped="0">
  <testcase classname="RestAssured.Get_Request" name="Getmethod" time="4.484"/>
  <system-out/>
</testsuite> <!-- RestAssured.Get_Request -->
