<?xml version="1.0" encoding="UTF-8"?>
<!-- Generated by org.testng.reporters.JUnitReportReporter -->
<testsuite hostname="DESKTOP-HTGA0GT" failures="0" tests="1" name="selenium.Test_Class" time="31.029" errors="0" timestamp="2024-03-25T22:02:16 IST" skipped="0">
  <testcase classname="selenium.Test_Class" name="windowHandleScenario" time="31.029"/>
  <system-out/>
</testsuite> <!-- selenium.Test_Class -->
