<?xml version="1.0" encoding="UTF-8"?>
<!-- Generated by org.testng.reporters.JUnitReportReporter -->
<testsuite hostname="DESKTOP-HTGA0GT" failures="0" tests="1" name="selenium.Automate_Form" time="121.977" errors="0" timestamp="2024-06-01T22:14:02 IST" skipped="0">
  <testcase classname="selenium.Automate_Form" name="automate_Form_CitiusTech_Pune" time="121.977"/>
  <system-out/>
</testsuite> <!-- selenium.Automate_Form -->
