<?xml version="1.0" encoding="UTF-8"?>
<!-- Generated by org.testng.reporters.JUnitReportReporter -->
<testsuite hostname="DESKTOP-HTGA0GT" failures="0" tests="1" name="selenium.validate_the_color" time="0.374" errors="0" timestamp="2024-03-31T19:27:41 IST" skipped="0">
  <testcase classname="selenium.validate_the_color" name="Validate_Color" time="0.374"/>
  <system-out/>
</testsuite> <!-- selenium.validate_the_color -->
