<?xml version="1.0" encoding="UTF-8"?>
<!-- Generated by org.testng.reporters.JUnitReportReporter -->
<testsuite hostname="DESKTOP-HTGA0GT" failures="0" tests="1" name="selenium.Upload_File" time="0.373" errors="0" timestamp="2024-04-11T18:28:04 IST" skipped="0">
  <testcase classname="selenium.Upload_File" name="uploadFile" time="0.373"/>
  <system-out/>
</testsuite> <!-- selenium.Upload_File -->
