<?xml version="1.0" encoding="UTF-8"?>
<!-- Generated by org.testng.reporters.JUnitReportReporter -->
<testsuite hostname="DESKTOP-HTGA0GT" failures="0" tests="1" name="selenium.Fetching_Data_from_Excell_Sheet" time="1.565" errors="0" timestamp="2024-04-09T19:33:33 IST" skipped="0">
  <testcase classname="selenium.Fetching_Data_from_Excell_Sheet" name="Fetching_Data_From_excell_Sheet" time="1.565"/>
  <system-out/>
</testsuite> <!-- selenium.Fetching_Data_from_Excell_Sheet -->
