<?xml version="1.0" encoding="UTF-8"?>
<!-- Generated by org.testng.reporters.JUnitReportReporter -->
<testsuite hostname="DESKTOP-HTGA0GT" failures="0" tests="1" name="selenium.List" time="29.217" errors="0" timestamp="2024-06-06T08:51:09 IST" skipped="0">
  <testcase classname="selenium.List" name="getText" time="29.217"/>
  <system-out/>
</testsuite> <!-- selenium.List -->
