<?xml version="1.0" encoding="UTF-8"?>
<!-- Generated by org.testng.reporters.JUnitReportReporter -->
<testsuite hostname="DESKTOP-HTGA0GT" failures="0" tests="1" name="selenium.FindTheBrockenlink" time="76.617" errors="0" timestamp="2024-04-24T10:01:50 IST" skipped="0">
  <testcase classname="selenium.FindTheBrockenlink" name="findBrckenlink" time="76.617"/>
  <system-out/>
</testsuite> <!-- selenium.FindTheBrockenlink -->
