<?xml version="1.0" encoding="UTF-8"?>
<!-- Generated by org.testng.reporters.JUnitReportReporter -->
<testsuite hostname="DESKTOP-HTGA0GT" failures="0" tests="1" name="selenium.DropDown_Handling" time="3.465" errors="0" timestamp="2024-04-09T12:25:18 IST" skipped="0">
  <testcase classname="selenium.DropDown_Handling" name="handleDropDown" time="3.465"/>
  <system-out/>
</testsuite> <!-- selenium.DropDown_Handling -->
