<?xml version="1.0" encoding="UTF-8"?>
<!-- Generated by org.testng.reporters.JUnitReportReporter -->
<testsuite hostname="DESKTOP-HTGA0GT" failures="0" tests="1" name="selenium.Multiple_Windows_Handle" time="17.885" errors="0" timestamp="2024-03-26T11:10:47 IST" skipped="0">
  <testcase classname="selenium.Multiple_Windows_Handle" name="wondowsHandles" time="17.885"/>
  <system-out/>
</testsuite> <!-- selenium.Multiple_Windows_Handle -->
