<?xml version="1.0" encoding="UTF-8"?>
<!-- Generated by org.testng.reporters.JUnitReportReporter -->
<testsuite hostname="DESKTOP-HTGA0GT" failures="0" tests="1" name="selenium.Handling_The_Iframe" time="0.546" errors="0" timestamp="2024-03-26T13:09:43 IST" skipped="0">
  <testcase classname="selenium.Handling_The_Iframe" name="handleIframe" time="0.546"/>
  <system-out/>
</testsuite> <!-- selenium.Handling_The_Iframe -->
