<?xml version="1.0" encoding="UTF-8"?>
<!-- Generated by org.testng.reporters.JUnitReportReporter -->
<testsuite hostname="DESKTOP-HTGA0GT" failures="0" tests="1" name="selenium.Date_picker" time="17.498" errors="0" timestamp="2024-05-04T10:32:32 IST" skipped="0">
  <testcase classname="selenium.Date_picker" name="handleDatePicker" time="17.498"/>
  <system-out/>
</testsuite> <!-- selenium.Date_picker -->
