<?xml version="1.0" encoding="UTF-8"?>
<!-- Generated by org.testng.reporters.JUnitReportReporter -->
<testsuite hostname="DESKTOP-HTGA0GT" failures="0" tests="1" name="selenium.Takes_ScreenShot" time="16.940" errors="0" timestamp="2024-04-23T08:22:42 IST" skipped="0">
  <testcase classname="selenium.Takes_ScreenShot" name="WindowsHandling" time="16.940"/>
  <system-out/>
</testsuite> <!-- selenium.Takes_ScreenShot -->
