<?xml version="1.0" encoding="UTF-8"?>
<!-- Generated by org.testng.reporters.JUnitReportReporter -->
<testsuite hostname="DESKTOP-HTGA0GT" failures="0" tests="1" name="selenium.Colour_Validate" time="0.101" errors="0" timestamp="2024-03-30T13:06:03 IST" skipped="0">
  <testcase classname="selenium.Colour_Validate" name="ColourValidate" time="0.101"/>
  <system-out/>
</testsuite> <!-- selenium.Colour_Validate -->
